Arguments: 
  /usr/bin/node /usr/share/yarn/bin/yarn.js

PATH: 
  /usr/local/sbin:/usr/local/bin:/usr/sbin:/usr/bin:/sbin:/bin:/snap/bin

Yarn version: 
  1.10.1

Node version: 
  8.10.0

Platform: 
  linux x64

Trace: 
  SyntaxError: /home/mickey/yanghao/graphql/Wonder-bs-graphql/package.json: Unexpected token } in JSON at position 798
      at JSON.parse (<anonymous>)
      at /usr/share/yarn/lib/cli.js:1136:59
      at Generator.next (<anonymous>)
      at step (/usr/share/yarn/lib/cli.js:98:30)
      at /usr/share/yarn/lib/cli.js:109:13
      at <anonymous>

npm manifest: 
  {
    "name": "wonder-bs-graphql",
    "version": "0.0.1",
    "description": "BuckleScript binding for graphql-js",
    "keywords": [
      "BuckleScript",
      "GraphQL"
    ],
    "license": "MIT",
    "peerDependencies": {
      "graphql": "^0.10.5"
    },
    "scripts": {
      "watch": "bsb -clean-world -make-world -w",
      "build": "bsb -clean-world -make-world",
      "test": "npm run build && jest --config jest.json",
      "t": "jest --config jest.json",
      "test:watch": "npm run build && jest --watch --config jest.json"
    },
    "devDependencies": {
      "babel": "^6.23.0",
      "babel-cli": "^6.26.0",
      "babel-preset-es2015": "^6.24.1",
      "bs-platform": "^4.0.0",
      "jest": "21.2.1",
      "jest-cli": "21.2.1",
      "bs-jest": "^0.1.0",
      "wonder-bs-jest": "latest",
      "wonder-bs-sinon": "^0.1.4"
    },
  }

yarn manifest: 
  No manifest

Lockfile: 
  No lockfile
